<?xml version="1.0" encoding="UTF-8"?>
<!-- Generated by org.testng.reporters.JUnitReportReporter -->
<testsuite hostname="IN-HQ6WPQ3" failures="0" tests="1" name="PDF_Content_Reader_Validator.PDFReader_ChromeIncognitoMode" time="1.835" errors="0" timestamp="2022-12-01T19:55:50 IST" skipped="0">
  <testcase classname="PDF_Content_Reader_Validator.PDFReader_ChromeIncognitoMode" name="pdfReaderTest" time="1.835"/>
  <system-out/>
</testsuite> <!-- PDF_Content_Reader_Validator.PDFReader_ChromeIncognitoMode -->
