<?xml version="1.0" encoding="UTF-8"?>
<!-- Generated by org.testng.reporters.JUnitReportReporter -->
<testsuite hostname="IN-HQ6WPQ3" failures="0" tests="1" name="Dentsu_QA_Firefox.Broswer_Init" time="4.621" errors="0" timestamp="2022-11-30T18:35:26 IST" skipped="0">
  <testcase classname="Dentsu_QA_Firefox.Broswer_Init" name="run" time="4.621"/>
  <system-out/>
</testsuite> <!-- Dentsu_QA_Firefox.Broswer_Init -->
